c:\users\dh\desktop\학교\기초컴퓨터그래픽스\hw3_20181650\hw3_s20181650\suntemple_texture_ps_glsl\x64\debug\vc143.pdb
c:\users\dh\desktop\학교\기초컴퓨터그래픽스\hw3_20181650\hw3_s20181650\suntemple_texture_ps_glsl\x64\debug\vc143.idb
c:\users\dh\desktop\학교\기초컴퓨터그래픽스\hw3_20181650\hw3_s20181650\suntemple_texture_ps_glsl\x64\debug\loadshaders.obj
c:\users\dh\desktop\학교\기초컴퓨터그래픽스\hw3_20181650\hw3_s20181650\suntemple_texture_ps_glsl\x64\debug\loadscene.obj
c:\users\dh\desktop\학교\기초컴퓨터그래픽스\hw3_20181650\hw3_s20181650\suntemple_texture_ps_glsl\x64\debug\main.obj
c:\users\dh\desktop\학교\기초컴퓨터그래픽스\hw3_20181650\hw3_s20181650\suntemple_texture_ps_glsl\x64\debug\drawscene.obj
c:\users\dh\desktop\학교\기초컴퓨터그래픽스\hw5_20181650\suntemple_texture_ps_glsl\x64\debug\vc143.pdb
c:\users\dh\desktop\학교\기초컴퓨터그래픽스\hw5_20181650\suntemple_texture_ps_glsl\x64\debug\vc143.idb
c:\users\dh\desktop\학교\기초컴퓨터그래픽스\hw5_20181650\suntemple_texture_ps_glsl\x64\debug\loadshaders.obj
c:\users\dh\desktop\학교\기초컴퓨터그래픽스\hw5_20181650\suntemple_texture_ps_glsl\x64\debug\loadscene.obj
c:\users\dh\desktop\학교\기초컴퓨터그래픽스\hw5_20181650\suntemple_texture_ps_glsl\x64\debug\main.obj
c:\users\dh\desktop\학교\기초컴퓨터그래픽스\hw5_20181650\suntemple_texture_ps_glsl\x64\debug\drawscene.obj
c:\users\dh\desktop\학교\기초컴퓨터그래픽스\hw5_20181650\hw5_s20181650\suntemple_texture_ps_glsl\x64\debug\vc143.pdb
c:\users\dh\desktop\학교\기초컴퓨터그래픽스\hw5_20181650\hw5_s20181650\suntemple_texture_ps_glsl\x64\debug\vc143.idb
c:\users\dh\desktop\학교\기초컴퓨터그래픽스\hw5_20181650\hw5_s20181650\suntemple_texture_ps_glsl\x64\debug\loadshaders.obj
c:\users\dh\desktop\학교\기초컴퓨터그래픽스\hw5_20181650\hw5_s20181650\suntemple_texture_ps_glsl\x64\debug\loadscene.obj
c:\users\dh\desktop\학교\기초컴퓨터그래픽스\hw5_20181650\hw5_s20181650\suntemple_texture_ps_glsl\x64\debug\main.obj
c:\users\dh\desktop\학교\기초컴퓨터그래픽스\hw5_20181650\hw5_s20181650\suntemple_texture_ps_glsl\x64\debug\drawscene.obj
c:\users\dh\desktop\학교\기초컴퓨터그래픽스\hw3_20181650\hw3_s20181650\x64\debug\suntemple_texture_ps_glsl.exe
c:\users\dh\desktop\학교\기초컴퓨터그래픽스\hw3_20181650\hw3_s20181650\suntemple_texture_ps_glsl\x64\debug\suntemple_texture_ps_glsl.ilk
c:\users\dh\desktop\학교\기초컴퓨터그래픽스\hw3_20181650\hw3_s20181650\x64\debug\suntemple_texture_ps_glsl.pdb
c:\users\dh\desktop\학교\기초컴퓨터그래픽스\hw5_20181650\x64\debug\suntemple_texture_ps_glsl.exe
c:\users\dh\desktop\학교\기초컴퓨터그래픽스\hw5_20181650\suntemple_texture_ps_glsl\x64\debug\suntemple_texture_ps_glsl.ilk
c:\users\dh\desktop\학교\기초컴퓨터그래픽스\hw5_20181650\x64\debug\suntemple_texture_ps_glsl.pdb
c:\users\dh\desktop\학교\기초컴퓨터그래픽스\hw5_20181650\hw5_s20181650\suntemple_texture_ps_glsl\x64\debug\suntemple_texture_ps_glsl.ilk
c:\users\dh\desktop\학교\기초컴퓨터그래픽스\hw5_20181650\hw5_s20181650\x64\debug\suntemple_texture_ps_glsl.exe
c:\users\dh\desktop\학교\기초컴퓨터그래픽스\hw5_20181650\hw5_s20181650\x64\debug\suntemple_texture_ps_glsl.pdb
c:\users\dh\desktop\학교\기초컴퓨터그래픽스\hw5_20181650\hw5_s20181650\suntemple_texture_ps_glsl\x64\debug\suntempl.8b22611c.tlog\cl.command.1.tlog
c:\users\dh\desktop\학교\기초컴퓨터그래픽스\hw5_20181650\hw5_s20181650\suntemple_texture_ps_glsl\x64\debug\suntempl.8b22611c.tlog\cl.read.1.tlog
c:\users\dh\desktop\학교\기초컴퓨터그래픽스\hw5_20181650\hw5_s20181650\suntemple_texture_ps_glsl\x64\debug\suntempl.8b22611c.tlog\cl.write.1.tlog
c:\users\dh\desktop\학교\기초컴퓨터그래픽스\hw5_20181650\hw5_s20181650\suntemple_texture_ps_glsl\x64\debug\suntempl.8b22611c.tlog\link.command.1.tlog
c:\users\dh\desktop\학교\기초컴퓨터그래픽스\hw5_20181650\hw5_s20181650\suntemple_texture_ps_glsl\x64\debug\suntempl.8b22611c.tlog\link.read.1.tlog
c:\users\dh\desktop\학교\기초컴퓨터그래픽스\hw5_20181650\hw5_s20181650\suntemple_texture_ps_glsl\x64\debug\suntempl.8b22611c.tlog\link.write.1.tlog
